Start testing: Oct 08 22:27 WEST
----------------------------------------------------------
1/19 Testing: CommandInvokerTest.ExecuteCommands
1/19 Test: CommandInvokerTest.ExecuteCommands
Command: "/home/wagnerkeller/projects/jackmeter/build/UnitTests" "--gtest_filter=CommandInvokerTest.ExecuteCommands" "--gtest_also_run_disabled_tests"
Directory: /home/wagnerkeller/projects/jackmeter/build
"CommandInvokerTest.ExecuteCommands" start time: Oct 08 22:27 WEST
Output:
----------------------------------------------------------
Note: Google Test filter = CommandInvokerTest.ExecuteCommands
[==========] Running 1 test from 1 test suite.
[----------] Global test environment set-up.
[----------] 1 test from CommandInvokerTest
[ RUN      ] CommandInvokerTest.ExecuteCommands
Rate updated to: 10
[       OK ] CommandInvokerTest.ExecuteCommands (0 ms)
[----------] 1 test from CommandInvokerTest (0 ms total)

[----------] Global test environment tear-down
[==========] 1 test from 1 test suite ran. (0 ms total)
[  PASSED  ] 1 test.
<end of output>
Test time =   0.01 sec
----------------------------------------------------------
Test Passed.
"CommandInvokerTest.ExecuteCommands" end time: Oct 08 22:27 WEST
"CommandInvokerTest.ExecuteCommands" time elapsed: 00:00:00
----------------------------------------------------------

2/19 Testing: FrequencyCommandTest.FrequencyChange
2/19 Test: FrequencyCommandTest.FrequencyChange
Command: "/home/wagnerkeller/projects/jackmeter/build/UnitTests" "--gtest_filter=FrequencyCommandTest.FrequencyChange" "--gtest_also_run_disabled_tests"
Directory: /home/wagnerkeller/projects/jackmeter/build
"FrequencyCommandTest.FrequencyChange" start time: Oct 08 22:27 WEST
Output:
----------------------------------------------------------
Note: Google Test filter = FrequencyCommandTest.FrequencyChange
[==========] Running 1 test from 1 test suite.
[----------] Global test environment set-up.
[----------] 1 test from FrequencyCommandTest
[ RUN      ] FrequencyCommandTest.FrequencyChange
Rate updated to: 10
[       OK ] FrequencyCommandTest.FrequencyChange (0 ms)
[----------] 1 test from FrequencyCommandTest (0 ms total)

[----------] Global test environment tear-down
[==========] 1 test from 1 test suite ran. (0 ms total)
[  PASSED  ] 1 test.
<end of output>
Test time =   0.01 sec
----------------------------------------------------------
Test Passed.
"FrequencyCommandTest.FrequencyChange" end time: Oct 08 22:27 WEST
"FrequencyCommandTest.FrequencyChange" time elapsed: 00:00:00
----------------------------------------------------------

3/19 Testing: DurationCommandTest.DurationChange
3/19 Test: DurationCommandTest.DurationChange
Command: "/home/wagnerkeller/projects/jackmeter/build/UnitTests" "--gtest_filter=DurationCommandTest.DurationChange" "--gtest_also_run_disabled_tests"
Directory: /home/wagnerkeller/projects/jackmeter/build
"DurationCommandTest.DurationChange" start time: Oct 08 22:27 WEST
Output:
----------------------------------------------------------
Note: Google Test filter = DurationCommandTest.DurationChange
[==========] Running 1 test from 1 test suite.
[----------] Global test environment set-up.
[----------] 1 test from DurationCommandTest
[ RUN      ] DurationCommandTest.DurationChange
Duration updated to: 20
[       OK ] DurationCommandTest.DurationChange (0 ms)
[----------] 1 test from DurationCommandTest (0 ms total)

[----------] Global test environment tear-down
[==========] 1 test from 1 test suite ran. (0 ms total)
[  PASSED  ] 1 test.
<end of output>
Test time =   0.01 sec
----------------------------------------------------------
Test Passed.
"DurationCommandTest.DurationChange" end time: Oct 08 22:27 WEST
"DurationCommandTest.DurationChange" time elapsed: 00:00:00
----------------------------------------------------------

4/19 Testing: SimplePeakProcessorTest.SignalDetection
4/19 Test: SimplePeakProcessorTest.SignalDetection
Command: "/home/wagnerkeller/projects/jackmeter/build/UnitTests" "--gtest_filter=SimplePeakProcessorTest.SignalDetection" "--gtest_also_run_disabled_tests"
Directory: /home/wagnerkeller/projects/jackmeter/build
"SimplePeakProcessorTest.SignalDetection" start time: Oct 08 22:27 WEST
Output:
----------------------------------------------------------
Note: Google Test filter = SimplePeakProcessorTest.SignalDetection
[==========] Running 1 test from 1 test suite.
[----------] Global test environment set-up.
[----------] 1 test from SimplePeakProcessorTest
[ RUN      ] SimplePeakProcessorTest.SignalDetection
[       OK ] SimplePeakProcessorTest.SignalDetection (0 ms)
[----------] 1 test from SimplePeakProcessorTest (0 ms total)

[----------] Global test environment tear-down
[==========] 1 test from 1 test suite ran. (0 ms total)
[  PASSED  ] 1 test.
<end of output>
Test time =   0.01 sec
----------------------------------------------------------
Test Passed.
"SimplePeakProcessorTest.SignalDetection" end time: Oct 08 22:27 WEST
"SimplePeakProcessorTest.SignalDetection" time elapsed: 00:00:00
----------------------------------------------------------

5/19 Testing: SimplePeakProcessorTest.MaxPeakDbValues
5/19 Test: SimplePeakProcessorTest.MaxPeakDbValues
Command: "/home/wagnerkeller/projects/jackmeter/build/UnitTests" "--gtest_filter=SimplePeakProcessorTest.MaxPeakDbValues" "--gtest_also_run_disabled_tests"
Directory: /home/wagnerkeller/projects/jackmeter/build
"SimplePeakProcessorTest.MaxPeakDbValues" start time: Oct 08 22:27 WEST
Output:
----------------------------------------------------------
Note: Google Test filter = SimplePeakProcessorTest.MaxPeakDbValues
[==========] Running 1 test from 1 test suite.
[----------] Global test environment set-up.
[----------] 1 test from SimplePeakProcessorTest
[ RUN      ] SimplePeakProcessorTest.MaxPeakDbValues
[       OK ] SimplePeakProcessorTest.MaxPeakDbValues (0 ms)
[----------] 1 test from SimplePeakProcessorTest (0 ms total)

[----------] Global test environment tear-down
[==========] 1 test from 1 test suite ran. (0 ms total)
[  PASSED  ] 1 test.
<end of output>
Test time =   0.01 sec
----------------------------------------------------------
Test Passed.
"SimplePeakProcessorTest.MaxPeakDbValues" end time: Oct 08 22:27 WEST
"SimplePeakProcessorTest.MaxPeakDbValues" time elapsed: 00:00:00
----------------------------------------------------------

6/19 Testing: SimplePeakProcessorTest.MinPeakDbValues
6/19 Test: SimplePeakProcessorTest.MinPeakDbValues
Command: "/home/wagnerkeller/projects/jackmeter/build/UnitTests" "--gtest_filter=SimplePeakProcessorTest.MinPeakDbValues" "--gtest_also_run_disabled_tests"
Directory: /home/wagnerkeller/projects/jackmeter/build
"SimplePeakProcessorTest.MinPeakDbValues" start time: Oct 08 22:27 WEST
Output:
----------------------------------------------------------
Note: Google Test filter = SimplePeakProcessorTest.MinPeakDbValues
[==========] Running 1 test from 1 test suite.
[----------] Global test environment set-up.
[----------] 1 test from SimplePeakProcessorTest
[ RUN      ] SimplePeakProcessorTest.MinPeakDbValues
[       OK ] SimplePeakProcessorTest.MinPeakDbValues (0 ms)
[----------] 1 test from SimplePeakProcessorTest (0 ms total)

[----------] Global test environment tear-down
[==========] 1 test from 1 test suite ran. (0 ms total)
[  PASSED  ] 1 test.
<end of output>
Test time =   0.01 sec
----------------------------------------------------------
Test Passed.
"SimplePeakProcessorTest.MinPeakDbValues" end time: Oct 08 22:27 WEST
"SimplePeakProcessorTest.MinPeakDbValues" time elapsed: 00:00:00
----------------------------------------------------------

7/19 Testing: JackClientTest.InitializeClient
7/19 Test: JackClientTest.InitializeClient
Command: "/home/wagnerkeller/projects/jackmeter/build/UnitTests" "--gtest_filter=JackClientTest.InitializeClient" "--gtest_also_run_disabled_tests"
Directory: /home/wagnerkeller/projects/jackmeter/build
"JackClientTest.InitializeClient" start time: Oct 08 22:27 WEST
Output:
----------------------------------------------------------
Note: Google Test filter = JackClientTest.InitializeClient
[==========] Running 1 test from 1 test suite.
[----------] Global test environment set-up.
[----------] 1 test from JackClientTest
[ RUN      ] JackClientTest.InitializeClient
[       OK ] JackClientTest.InitializeClient (53 ms)
[----------] 1 test from JackClientTest (53 ms total)

[----------] Global test environment tear-down
[==========] 1 test from 1 test suite ran. (53 ms total)
[  PASSED  ] 1 test.
<end of output>
Test time =   0.06 sec
----------------------------------------------------------
Test Passed.
"JackClientTest.InitializeClient" end time: Oct 08 22:27 WEST
"JackClientTest.InitializeClient" time elapsed: 00:00:00
----------------------------------------------------------

8/19 Testing: JackClientTest.ActivateClient
8/19 Test: JackClientTest.ActivateClient
Command: "/home/wagnerkeller/projects/jackmeter/build/UnitTests" "--gtest_filter=JackClientTest.ActivateClient" "--gtest_also_run_disabled_tests"
Directory: /home/wagnerkeller/projects/jackmeter/build
"JackClientTest.ActivateClient" start time: Oct 08 22:27 WEST
Output:
----------------------------------------------------------
Note: Google Test filter = JackClientTest.ActivateClient
[==========] Running 1 test from 1 test suite.
[----------] Global test environment set-up.
[----------] 1 test from JackClientTest
[ RUN      ] JackClientTest.ActivateClient
[       OK ] JackClientTest.ActivateClient (81 ms)
[----------] 1 test from JackClientTest (81 ms total)

[----------] Global test environment tear-down
[==========] 1 test from 1 test suite ran. (81 ms total)
[  PASSED  ] 1 test.
<end of output>
Test time =   0.09 sec
----------------------------------------------------------
Test Passed.
"JackClientTest.ActivateClient" end time: Oct 08 22:27 WEST
"JackClientTest.ActivateClient" time elapsed: 00:00:00
----------------------------------------------------------

9/19 Testing: JackClientTest.PlayWavFile
9/19 Test: JackClientTest.PlayWavFile
Command: "/home/wagnerkeller/projects/jackmeter/build/UnitTests" "--gtest_filter=JackClientTest.PlayWavFile" "--gtest_also_run_disabled_tests"
Directory: /home/wagnerkeller/projects/jackmeter/build
"JackClientTest.PlayWavFile" start time: Oct 08 22:27 WEST
Output:
----------------------------------------------------------
Note: Google Test filter = JackClientTest.PlayWavFile
[==========] Running 1 test from 1 test suite.
[----------] Global test environment set-up.
[----------] 1 test from JackClientTest
[ RUN      ] JackClientTest.PlayWavFile
[       OK ] JackClientTest.PlayWavFile (36 ms)
[----------] 1 test from JackClientTest (36 ms total)

[----------] Global test environment tear-down
[==========] 1 test from 1 test suite ran. (36 ms total)
[  PASSED  ] 1 test.
<end of output>
Test time =   0.04 sec
----------------------------------------------------------
Test Passed.
"JackClientTest.PlayWavFile" end time: Oct 08 22:27 WEST
"JackClientTest.PlayWavFile" time elapsed: 00:00:00
----------------------------------------------------------

10/19 Testing: JackClientTest.ConnectPorts
10/19 Test: JackClientTest.ConnectPorts
Command: "/home/wagnerkeller/projects/jackmeter/build/UnitTests" "--gtest_filter=JackClientTest.ConnectPorts" "--gtest_also_run_disabled_tests"
Directory: /home/wagnerkeller/projects/jackmeter/build
"JackClientTest.ConnectPorts" start time: Oct 08 22:27 WEST
Output:
----------------------------------------------------------
Note: Google Test filter = JackClientTest.ConnectPorts
[==========] Running 1 test from 1 test suite.
[----------] Global test environment set-up.
[----------] 1 test from JackClientTest
[ RUN      ] JackClientTest.ConnectPorts
[       OK ] JackClientTest.ConnectPorts (36 ms)
[----------] 1 test from JackClientTest (36 ms total)

[----------] Global test environment tear-down
[==========] 1 test from 1 test suite ran. (36 ms total)
[  PASSED  ] 1 test.
<end of output>
Test time =   0.04 sec
----------------------------------------------------------
Test Passed.
"JackClientTest.ConnectPorts" end time: Oct 08 22:27 WEST
"JackClientTest.ConnectPorts" time elapsed: 00:00:00
----------------------------------------------------------

11/19 Testing: FFTProcessorTest.ConstructorInitializesCorrectly
11/19 Test: FFTProcessorTest.ConstructorInitializesCorrectly
Command: "/home/wagnerkeller/projects/jackmeter/build/UnitTests" "--gtest_filter=FFTProcessorTest.ConstructorInitializesCorrectly" "--gtest_also_run_disabled_tests"
Directory: /home/wagnerkeller/projects/jackmeter/build
"FFTProcessorTest.ConstructorInitializesCorrectly" start time: Oct 08 22:27 WEST
Output:
----------------------------------------------------------
Note: Google Test filter = FFTProcessorTest.ConstructorInitializesCorrectly
[==========] Running 1 test from 1 test suite.
[----------] Global test environment set-up.
[----------] 1 test from FFTProcessorTest
[ RUN      ] FFTProcessorTest.ConstructorInitializesCorrectly
[       OK ] FFTProcessorTest.ConstructorInitializesCorrectly (2 ms)
[----------] 1 test from FFTProcessorTest (2 ms total)

[----------] Global test environment tear-down
[==========] 1 test from 1 test suite ran. (2 ms total)
[  PASSED  ] 1 test.
<end of output>
Test time =   0.01 sec
----------------------------------------------------------
Test Passed.
"FFTProcessorTest.ConstructorInitializesCorrectly" end time: Oct 08 22:27 WEST
"FFTProcessorTest.ConstructorInitializesCorrectly" time elapsed: 00:00:00
----------------------------------------------------------

12/19 Testing: FFTProcessorTest.ProcessSinusoidalSignal
12/19 Test: FFTProcessorTest.ProcessSinusoidalSignal
Command: "/home/wagnerkeller/projects/jackmeter/build/UnitTests" "--gtest_filter=FFTProcessorTest.ProcessSinusoidalSignal" "--gtest_also_run_disabled_tests"
Directory: /home/wagnerkeller/projects/jackmeter/build
"FFTProcessorTest.ProcessSinusoidalSignal" start time: Oct 08 22:27 WEST
Output:
----------------------------------------------------------
Note: Google Test filter = FFTProcessorTest.ProcessSinusoidalSignal
[==========] Running 1 test from 1 test suite.
[----------] Global test environment set-up.
[----------] 1 test from FFTProcessorTest
[ RUN      ] FFTProcessorTest.ProcessSinusoidalSignal
[       OK ] FFTProcessorTest.ProcessSinusoidalSignal (2 ms)
[----------] 1 test from FFTProcessorTest (2 ms total)

[----------] Global test environment tear-down
[==========] 1 test from 1 test suite ran. (2 ms total)
[  PASSED  ] 1 test.
<end of output>
Test time =   0.01 sec
----------------------------------------------------------
Test Passed.
"FFTProcessorTest.ProcessSinusoidalSignal" end time: Oct 08 22:27 WEST
"FFTProcessorTest.ProcessSinusoidalSignal" time elapsed: 00:00:00
----------------------------------------------------------

13/19 Testing: FFTProcessorTest.ProcessZeroSignal
13/19 Test: FFTProcessorTest.ProcessZeroSignal
Command: "/home/wagnerkeller/projects/jackmeter/build/UnitTests" "--gtest_filter=FFTProcessorTest.ProcessZeroSignal" "--gtest_also_run_disabled_tests"
Directory: /home/wagnerkeller/projects/jackmeter/build
"FFTProcessorTest.ProcessZeroSignal" start time: Oct 08 22:27 WEST
Output:
----------------------------------------------------------
Note: Google Test filter = FFTProcessorTest.ProcessZeroSignal
[==========] Running 1 test from 1 test suite.
[----------] Global test environment set-up.
[----------] 1 test from FFTProcessorTest
[ RUN      ] FFTProcessorTest.ProcessZeroSignal
[       OK ] FFTProcessorTest.ProcessZeroSignal (1 ms)
[----------] 1 test from FFTProcessorTest (1 ms total)

[----------] Global test environment tear-down
[==========] 1 test from 1 test suite ran. (2 ms total)
[  PASSED  ] 1 test.
<end of output>
Test time =   0.01 sec
----------------------------------------------------------
Test Passed.
"FFTProcessorTest.ProcessZeroSignal" end time: Oct 08 22:27 WEST
"FFTProcessorTest.ProcessZeroSignal" time elapsed: 00:00:00
----------------------------------------------------------

14/19 Testing: FFTProcessorTest.GetName
14/19 Test: FFTProcessorTest.GetName
Command: "/home/wagnerkeller/projects/jackmeter/build/UnitTests" "--gtest_filter=FFTProcessorTest.GetName" "--gtest_also_run_disabled_tests"
Directory: /home/wagnerkeller/projects/jackmeter/build
"FFTProcessorTest.GetName" start time: Oct 08 22:27 WEST
Output:
----------------------------------------------------------
Note: Google Test filter = FFTProcessorTest.GetName
[==========] Running 1 test from 1 test suite.
[----------] Global test environment set-up.
[----------] 1 test from FFTProcessorTest
[ RUN      ] FFTProcessorTest.GetName
[       OK ] FFTProcessorTest.GetName (2 ms)
[----------] 1 test from FFTProcessorTest (2 ms total)

[----------] Global test environment tear-down
[==========] 1 test from 1 test suite ran. (2 ms total)
[  PASSED  ] 1 test.
<end of output>
Test time =   0.01 sec
----------------------------------------------------------
Test Passed.
"FFTProcessorTest.GetName" end time: Oct 08 22:27 WEST
"FFTProcessorTest.GetName" time elapsed: 00:00:00
----------------------------------------------------------

15/19 Testing: FFTProcessorTest.ProcessRandomSignal
15/19 Test: FFTProcessorTest.ProcessRandomSignal
Command: "/home/wagnerkeller/projects/jackmeter/build/UnitTests" "--gtest_filter=FFTProcessorTest.ProcessRandomSignal" "--gtest_also_run_disabled_tests"
Directory: /home/wagnerkeller/projects/jackmeter/build
"FFTProcessorTest.ProcessRandomSignal" start time: Oct 08 22:27 WEST
Output:
----------------------------------------------------------
Note: Google Test filter = FFTProcessorTest.ProcessRandomSignal
[==========] Running 1 test from 1 test suite.
[----------] Global test environment set-up.
[----------] 1 test from FFTProcessorTest
[ RUN      ] FFTProcessorTest.ProcessRandomSignal
[       OK ] FFTProcessorTest.ProcessRandomSignal (1 ms)
[----------] 1 test from FFTProcessorTest (1 ms total)

[----------] Global test environment tear-down
[==========] 1 test from 1 test suite ran. (1 ms total)
[  PASSED  ] 1 test.
<end of output>
Test time =   0.00 sec
----------------------------------------------------------
Test Passed.
"FFTProcessorTest.ProcessRandomSignal" end time: Oct 08 22:27 WEST
"FFTProcessorTest.ProcessRandomSignal" time elapsed: 00:00:00
----------------------------------------------------------

16/19 Testing: DiscontinuityProcessorTest.GetNameTest
16/19 Test: DiscontinuityProcessorTest.GetNameTest
Command: "/home/wagnerkeller/projects/jackmeter/build/UnitTests" "--gtest_filter=DiscontinuityProcessorTest.GetNameTest" "--gtest_also_run_disabled_tests"
Directory: /home/wagnerkeller/projects/jackmeter/build
"DiscontinuityProcessorTest.GetNameTest" start time: Oct 08 22:27 WEST
Output:
----------------------------------------------------------
Note: Google Test filter = DiscontinuityProcessorTest.GetNameTest
[==========] Running 1 test from 1 test suite.
[----------] Global test environment set-up.
[----------] 1 test from DiscontinuityProcessorTest
[ RUN      ] DiscontinuityProcessorTest.GetNameTest
[       OK ] DiscontinuityProcessorTest.GetNameTest (0 ms)
[----------] 1 test from DiscontinuityProcessorTest (0 ms total)

[----------] Global test environment tear-down
[==========] 1 test from 1 test suite ran. (0 ms total)
[  PASSED  ] 1 test.
<end of output>
Test time =   0.00 sec
----------------------------------------------------------
Test Passed.
"DiscontinuityProcessorTest.GetNameTest" end time: Oct 08 22:27 WEST
"DiscontinuityProcessorTest.GetNameTest" time elapsed: 00:00:00
----------------------------------------------------------

17/19 Testing: DiscontinuityProcessorTest.NoDiscontinuityTest
17/19 Test: DiscontinuityProcessorTest.NoDiscontinuityTest
Command: "/home/wagnerkeller/projects/jackmeter/build/UnitTests" "--gtest_filter=DiscontinuityProcessorTest.NoDiscontinuityTest" "--gtest_also_run_disabled_tests"
Directory: /home/wagnerkeller/projects/jackmeter/build
"DiscontinuityProcessorTest.NoDiscontinuityTest" start time: Oct 08 22:27 WEST
Output:
----------------------------------------------------------
Note: Google Test filter = DiscontinuityProcessorTest.NoDiscontinuityTest
[==========] Running 1 test from 1 test suite.
[----------] Global test environment set-up.
[----------] 1 test from DiscontinuityProcessorTest
[ RUN      ] DiscontinuityProcessorTest.NoDiscontinuityTest
[       OK ] DiscontinuityProcessorTest.NoDiscontinuityTest (0 ms)
[----------] 1 test from DiscontinuityProcessorTest (0 ms total)

[----------] Global test environment tear-down
[==========] 1 test from 1 test suite ran. (0 ms total)
[  PASSED  ] 1 test.
<end of output>
Test time =   0.01 sec
----------------------------------------------------------
Test Passed.
"DiscontinuityProcessorTest.NoDiscontinuityTest" end time: Oct 08 22:27 WEST
"DiscontinuityProcessorTest.NoDiscontinuityTest" time elapsed: 00:00:00
----------------------------------------------------------

18/19 Testing: DiscontinuityProcessorTest.DiscontinuityDetectedTest
18/19 Test: DiscontinuityProcessorTest.DiscontinuityDetectedTest
Command: "/home/wagnerkeller/projects/jackmeter/build/UnitTests" "--gtest_filter=DiscontinuityProcessorTest.DiscontinuityDetectedTest" "--gtest_also_run_disabled_tests"
Directory: /home/wagnerkeller/projects/jackmeter/build
"DiscontinuityProcessorTest.DiscontinuityDetectedTest" start time: Oct 08 22:27 WEST
Output:
----------------------------------------------------------
Note: Google Test filter = DiscontinuityProcessorTest.DiscontinuityDetectedTest
[==========] Running 1 test from 1 test suite.
[----------] Global test environment set-up.
[----------] 1 test from DiscontinuityProcessorTest
[ RUN      ] DiscontinuityProcessorTest.DiscontinuityDetectedTest
[       OK ] DiscontinuityProcessorTest.DiscontinuityDetectedTest (0 ms)
[----------] 1 test from DiscontinuityProcessorTest (0 ms total)

[----------] Global test environment tear-down
[==========] 1 test from 1 test suite ran. (0 ms total)
[  PASSED  ] 1 test.
<end of output>
Test time =   0.01 sec
----------------------------------------------------------
Test Passed.
"DiscontinuityProcessorTest.DiscontinuityDetectedTest" end time: Oct 08 22:27 WEST
"DiscontinuityProcessorTest.DiscontinuityDetectedTest" time elapsed: 00:00:00
----------------------------------------------------------

19/19 Testing: DiscontinuityProcessorTest.SignalLengthMismatchTest
19/19 Test: DiscontinuityProcessorTest.SignalLengthMismatchTest
Command: "/home/wagnerkeller/projects/jackmeter/build/UnitTests" "--gtest_filter=DiscontinuityProcessorTest.SignalLengthMismatchTest" "--gtest_also_run_disabled_tests"
Directory: /home/wagnerkeller/projects/jackmeter/build
"DiscontinuityProcessorTest.SignalLengthMismatchTest" start time: Oct 08 22:27 WEST
Output:
----------------------------------------------------------
Note: Google Test filter = DiscontinuityProcessorTest.SignalLengthMismatchTest
[==========] Running 1 test from 1 test suite.
[----------] Global test environment set-up.
[----------] 1 test from DiscontinuityProcessorTest
[ RUN      ] DiscontinuityProcessorTest.SignalLengthMismatchTest
[       OK ] DiscontinuityProcessorTest.SignalLengthMismatchTest (0 ms)
[----------] 1 test from DiscontinuityProcessorTest (0 ms total)

[----------] Global test environment tear-down
[==========] 1 test from 1 test suite ran. (0 ms total)
[  PASSED  ] 1 test.
<end of output>
Test time =   0.01 sec
----------------------------------------------------------
Test Passed.
"DiscontinuityProcessorTest.SignalLengthMismatchTest" end time: Oct 08 22:27 WEST
"DiscontinuityProcessorTest.SignalLengthMismatchTest" time elapsed: 00:00:00
----------------------------------------------------------

End testing: Oct 08 22:27 WEST
