<?xml version="1.0" encoding="UTF-8"?>
<Site BuildName="(empty)"
	BuildStamp="20241008-2030-Experimental"
	Name="(empty)"
	Generator="ctest-3.29.3"
	CompilerName=""
	CompilerVersion=""
	OSName="Linux"
	Hostname="wkeller-nout"
	OSRelease="6.8.0-45-generic"
	OSVersion="#45-Ubuntu SMP PREEMPT_DYNAMIC Fri Aug 30 12:02:04 UTC 2024"
	OSPlatform="x86_64"
	Is64Bits="1"
	VendorString="GenuineIntel"
	VendorID="Intel Corporation"
	FamilyID="6"
	ModelID="186"
	ProcessorCacheSize="12288"
	NumberOfLogicalCPU="12"
	NumberOfPhysicalCPU="10"
	TotalVirtualMemory="4095"
	TotalPhysicalMemory="15184"
	LogicalProcessorsPerPhysical="1"
	ProcessorClockFrequency="3202.1"
	>
	<Testing>
		<StartDateTime>Oct 08 21:31 WEST</StartDateTime>
		<StartTestTime>1728419510</StartTestTime>
		<TestList/>
		<EndDateTime>Oct 08 21:31 WEST</EndDateTime>
		<EndTestTime>1728419510</EndTestTime>
		<ElapsedMinutes>0</ElapsedMinutes>
	</Testing>
</Site>
